2018-05-14 15:10:42 +0000  Initial pipeline context: <IDEDistributionProcessingPipelineContext: 0x7f945138ee60; archive(resolved)='<IDEArchive: 0x7f94504b9520>', distributionTask(resolved)='1', distributionMethod(resolved)='<IDEDistributionMethodiOSAppStoreDistribution: 0x7f944f196750>', team(resolved)='<IDEProvisioningBasicTeam: 0x7f9438cd3190; teamID='LQRYUWUP72', teamName='Gustavo Franco'>'>
	Chain (11, self inclusive):
	<IDEDistributionProcessingPipelineContext: 0x7f945138ee60; archive = '<IDEArchive: 0x7f94504b9520>', distributionMethod='<IDEDistributionMethodiOSAppStoreDistribution: 0x7f944f196750>', team='<IDEProvisioningBasicTeam: 0x7f9438cd3190; teamID='LQRYUWUP72', teamName='Gustavo Franco'>'>
	<IDEDistributionProcessingPipelineContext: 0x7f944f7d3ab0; archive = '<IDEArchive: 0x7f94504b9520>', distributionMethod='<IDEDistributionMethodiOSAppStoreDistribution: 0x7f944f196750>', team='<IDEProvisioningBasicTeam: 0x7f9438cd3190; teamID='LQRYUWUP72', teamName='Gustavo Franco'>'>
	<IDEDistributionContext: 0x7f94399b31f0; archive = '<IDEArchive: 0x7f94504b9520>', distributionMethod='<IDEDistributionMethodiOSAppStoreDistribution: 0x7f944f196750>', team='<IDEProvisioningBasicTeam: 0x7f9438cd3190; teamID='LQRYUWUP72', teamName='Gustavo Franco'>'>
	<IDEDistributionContext: 0x7f943956cc50; archive = '<IDEArchive: 0x7f94504b9520>', distributionMethod='<IDEDistributionMethodiOSAppStoreDistribution: 0x7f944f196750>', team='<IDEProvisioningBasicTeam: 0x7f9438cd3190; teamID='LQRYUWUP72', teamName='Gustavo Franco'>'>
	<IDEDistributionContext: 0x7f943946a330; archive = '<IDEArchive: 0x7f94504b9520>', distributionMethod='<IDEDistributionMethodiOSAppStoreDistribution: 0x7f944f196750>', team='<IDEProvisioningBasicTeam: 0x7f9438cd3190; teamID='LQRYUWUP72', teamName='Gustavo Franco'>'>
	<IDEDistributionContext: 0x7f9439772f10; archive = '<IDEArchive: 0x7f94504b9520>', distributionMethod='<IDEDistributionMethodiOSAppStoreDistribution: 0x7f944f196750>', team='<IDEProvisioningBasicTeam: 0x7f9438cd3190; teamID='LQRYUWUP72', teamName='Gustavo Franco'>'>
	<IDEDistributionContext: 0x7f943971df20; archive = '<IDEArchive: 0x7f94504b9520>', distributionMethod='<IDEDistributionMethodiOSAppStoreDistribution: 0x7f944f196750>', team='<IDEProvisioningBasicTeam: 0x7f9438cd3190; teamID='LQRYUWUP72', teamName='Gustavo Franco'>'>
	<IDEDistributionContext: 0x7f944e2f13c0; archive = '<IDEArchive: 0x7f94504b9520>', distributionMethod='<IDEDistributionMethodiOSAppStoreDistribution: 0x7f944f196750>', team='<IDEProvisioningBasicTeam: 0x7f9438cd3190; teamID='LQRYUWUP72', teamName='Gustavo Franco'>'>
	<IDEDistributionContext: 0x7f9439067bb0; archive = '<IDEArchive: 0x7f94504b9520>', distributionMethod='<IDEDistributionMethodiOSAppStoreDistribution: 0x7f944f196750>', team='<IDEProvisioningBasicTeam: 0x7f9438cd3190; teamID='LQRYUWUP72', teamName='Gustavo Franco'>'>
	<IDEDistributionContext: 0x7f94374ecc10; archive = '<IDEArchive: 0x7f94504b9520>', distributionMethod='<IDEDistributionMethodiOSAppStoreDistribution: 0x7f944f196750>', team='<IDEProvisioningBasicTeam: 0x7f9438cd3190; teamID='LQRYUWUP72', teamName='Gustavo Franco'>'>
	<IDEDistributionContext: 0x7f9451128f00; archive = '<IDEArchive: 0x7f94504b9520>', distributionMethod='(null)', team='(null)'>
</IDEDistributionProcessingPipelineContext: 0x7f945138ee60>
2018-05-14 15:10:42 +0000  Processing step: IDEDistributionCreateDestRootStep
2018-05-14 15:10:42 +0000  Processing step: IDEDistributionCopyItemStep
2018-05-14 15:10:42 +0000  Running /usr/bin/ditto '-V' '/Users/tavoArgento/Library/Developer/Xcode/Archives/2018-05-14/Multiboard 14-05-2018, 16.04.xcarchive/Products/Applications/Multiboard.app' '/var/folders/0z/17xbrhs572zdm4yf6j8_7v3c0000gn/T/XcodeDistPipeline.kkh/Root/Payload/Multiboard.app'
2018-05-14 15:10:42 +0000  >>> Copying /Users/tavoArgento/Library/Developer/Xcode/Archives/2018-05-14/Multiboard 14-05-2018, 16.04.xcarchive/Products/Applications/Multiboard.app 
2018-05-14 15:10:42 +0000  copying file ./_CodeSignature/CodeResources ... 
2018-05-14 15:10:42 +0000  11907 bytes for ./_CodeSignature/CodeResources
copying file ./Octicons.ttf ... 
2018-05-14 15:10:42 +0000  27520 bytes for ./Octicons.ttf
copying file ./Feather.ttf ... 
2018-05-14 15:10:42 +0000  55288 bytes for ./Feather.ttf
copying file ./Entypo.ttf ... 
2018-05-14 15:10:42 +0000  65584 bytes for ./Entypo.ttf
copying file ./MaterialCommunityIcons.ttf ... 
2018-05-14 15:10:42 +0000  322456 bytes for ./MaterialCommunityIcons.ttf
copying file ./Foundation.ttf ... 
2018-05-14 15:10:42 +0000  56976 bytes for ./Foundation.ttf
copying file ./Ionicons.ttf ... 
2018-05-14 15:10:42 +0000  143936 bytes for ./Ionicons.ttf
2018-05-14 15:10:42 +0000  copying file ./Multiboard ... 
2018-05-14 15:10:42 +0000  36135424 bytes for ./Multiboard
2018-05-14 15:10:42 +0000  copying file ./Base.lproj/LaunchScreen.nib ... 
3108 bytes for ./Base.lproj/LaunchScreen.nib
copying file ./FontAwesome.ttf ... 
2018-05-14 15:10:42 +0000  165548 bytes for ./FontAwesome.ttf
copying file ./Zocial.ttf ... 
2018-05-14 15:10:42 +0000  25552 bytes for ./Zocial.ttf
copying file ./main.jsbundle.meta ... 
2018-05-14 15:10:42 +0000  21 bytes for ./main.jsbundle.meta
copying file ./EvilIcons.ttf ... 
2018-05-14 15:10:42 +0000  13128 bytes for ./EvilIcons.ttf
copying file ./main.jsbundle ... 
2018-05-14 15:10:43 +0000  1210840 bytes for ./main.jsbundle
2018-05-14 15:10:43 +0000  copying file ./SimpleLineIcons.ttf ... 
2018-05-14 15:10:43 +0000  54056 bytes for ./SimpleLineIcons.ttf
copying file ./embedded.mobileprovision ... 
7563 bytes for ./embedded.mobileprovision
copying file ./assets/node_modules/react-native-checkbox/cb_enabled.png ... 
1301 bytes for ./assets/node_modules/react-native-checkbox/cb_enabled.png
copying file ./assets/node_modules/react-native-checkbox/cb_disabled.png ... 
1121 bytes for ./assets/node_modules/react-native-checkbox/cb_disabled.png
copying file ./assets/node_modules/react-navigation/src/views/assets/back-icon@3x.png ... 
1848 bytes for ./assets/node_modules/react-navigation/src/views/assets/back-icon@3x.png
copying file ./assets/node_modules/react-navigation/src/views/assets/back-icon@2x.png ... 
966 bytes for ./assets/node_modules/react-navigation/src/views/assets/back-icon@2x.png
copying file ./assets/node_modules/react-navigation/src/views/assets/back-icon.png ... 
491 bytes for ./assets/node_modules/react-navigation/src/views/assets/back-icon.png
copying file ./assets/node_modules/react-navigation/src/views/assets/back-icon-mask.png ... 
1887 bytes for ./assets/node_modules/react-navigation/src/views/assets/back-icon-mask.png
copying file ./assets/node_modules/react-native-elements/src/rating/images/bell.png ... 
2989 bytes for ./assets/node_modules/react-native-elements/src/rating/images/bell.png
copying file ./assets/node_modules/react-native-elements/src/rating/images/heart.png ... 
2018-05-14 15:10:43 +0000  1928 bytes for ./assets/node_modules/react-native-elements/src/rating/images/heart.png
copying file ./assets/node_modules/react-native-elements/src/rating/images/rocket.png ... 
4050 bytes for ./assets/node_modules/react-native-elements/src/rating/images/rocket.png
copying file ./assets/node_modules/react-native-elements/src/rating/images/star.png ... 
1961 bytes for ./assets/node_modules/react-native-elements/src/rating/images/star.png
copying file ./assets/src/assets/images/back_nice.png ... 
350851 bytes for ./assets/src/assets/images/back_nice.png
copying file ./assets/src/assets/images/falling_dices_final.png ... 
1646203 bytes for ./assets/src/assets/images/falling_dices_final.png
copying file ./assets/src/assets/images/cards_dices.png ... 
179793 bytes for ./assets/src/assets/images/cards_dices.png
copying file ./assets/src/assets/images/dark_dice.png ... 
159070 bytes for ./assets/src/assets/images/dark_dice.png
copying file ./Info.plist ... 
1416 bytes for ./Info.plist
copying file ./PkgInfo ... 
8 bytes for ./PkgInfo
copying file ./MaterialIcons.ttf ... 
2018-05-14 15:10:43 +0000  
2018-05-14 15:10:43 +0000  
2018-05-14 15:10:43 +0000  /usr/bin/ditto exited with 0
2018-05-14 15:10:43 +0000  
2018-05-14 15:10:43 +0000  Processing step: IDEDistributionEmbedProfileStep
2018-05-14 15:10:43 +0000  Processing step: IDEDistributionItemRemovalStep
2018-05-14 15:10:43 +0000  Processing step: IDEDistributionAppThinningPlistStep
2018-05-14 15:10:43 +0000  Skipping step: IDEDistributionAppThinningPlistStep because it said so
2018-05-14 15:10:43 +0000  Processing step: IDEDistributionCompileBitcodeStep
2018-05-14 15:10:43 +0000  Skipping step: IDEDistributionCompileBitcodeStep because it said so
2018-05-14 15:10:43 +0000  Processing step: IDEDistributionCodeSlimmingStep
2018-05-14 15:10:43 +0000  Processing step: IDEDistributionCopyBCSymbolMapsStep
2018-05-14 15:10:43 +0000  Running /usr/bin/ditto '-V' '/Users/tavoArgento/Library/Developer/Xcode/Archives/2018-05-14/Multiboard 14-05-2018, 16.04.xcarchive/BCSymbolMaps/C3659637-D205-3890-BBD4-7EB0FD0E6E9C.bcsymbolmap' '/var/folders/0z/17xbrhs572zdm4yf6j8_7v3c0000gn/T/XcodeDistPipeline.kkh/Root/BCSymbolMaps/C3659637-D205-3890-BBD4-7EB0FD0E6E9C.bcsymbolmap'
2018-05-14 15:10:43 +0000  >>> Copying /Users/tavoArgento/Library/Developer/Xcode/Archives/2018-05-14/Multiboard 14-05-2018, 16.04.xcarchive/BCSymbolMaps/C3659637-D205-3890-BBD4-7EB0FD0E6E9C.bcsymbolmap 
copying file ./C3659637-D205-3890-BBD4-7EB0FD0E6E9C.bcsymbolmap ... 
2018-05-14 15:10:43 +0000  945247 bytes for ./C3659637-D205-3890-BBD4-7EB0FD0E6E9C.bcsymbolmap
2018-05-14 15:10:43 +0000  
2018-05-14 15:10:43 +0000  
2018-05-14 15:10:43 +0000  
2018-05-14 15:10:43 +0000  /usr/bin/ditto exited with 0
2018-05-14 15:10:43 +0000  Running /usr/bin/ditto '-V' '/Users/tavoArgento/Library/Developer/Xcode/Archives/2018-05-14/Multiboard 14-05-2018, 16.04.xcarchive/BCSymbolMaps/DC6908A0-BF36-3326-B729-42A117DF2BC1.bcsymbolmap' '/var/folders/0z/17xbrhs572zdm4yf6j8_7v3c0000gn/T/XcodeDistPipeline.kkh/Root/BCSymbolMaps/DC6908A0-BF36-3326-B729-42A117DF2BC1.bcsymbolmap'
2018-05-14 15:10:43 +0000  >>> Copying /Users/tavoArgento/Library/Developer/Xcode/Archives/2018-05-14/Multiboard 14-05-2018, 16.04.xcarchive/BCSymbolMaps/DC6908A0-BF36-3326-B729-42A117DF2BC1.bcsymbolmap 
copying file ./DC6908A0-BF36-3326-B729-42A117DF2BC1.bcsymbolmap ... 
2018-05-14 15:10:43 +0000  952019 bytes for ./DC6908A0-BF36-3326-B729-42A117DF2BC1.bcsymbolmap
2018-05-14 15:10:43 +0000  
2018-05-14 15:10:43 +0000  /usr/bin/ditto exited with 0
2018-05-14 15:10:43 +0000  
2018-05-14 15:10:43 +0000  Processing step: IDEDistributionSymbolsStep
2018-05-14 15:10:43 +0000  Excluding symbols for Multiboard.app
2018-05-14 15:10:43 +0000  Processing step: IDEDistributionCopyAppleProvidedContentStep
2018-05-14 15:10:43 +0000  Processing step: IDEDistributionAppThinningStep
2018-05-14 15:10:43 +0000  Skipping step: IDEDistributionAppThinningStep because it said so
2018-05-14 15:10:43 +0000  Processing step: IDEDistributionODRStep
2018-05-14 15:10:43 +0000  Processing step: IDEDistributionStripXattrsStep
2018-05-14 15:10:43 +0000  Running /usr/bin/xattr '-crs' '/var/folders/0z/17xbrhs572zdm4yf6j8_7v3c0000gn/T/XcodeDistPipeline.kkh/Root/Payload/Multiboard.app'
2018-05-14 15:10:46 +0000  
2018-05-14 15:10:46 +0000  
2018-05-14 15:10:46 +0000  2018-05-14 15:10:46 +0000  

2018-05-14 15:10:46 +0000  /usr/bin/xattr exited with 0
2018-05-14 15:10:46 +0000  Processing step: IDEDistributionCodesignStep
2018-05-14 15:10:46 +0000  Entitlements for <IDEDistributionItem: 0x7f9451319230 'org.reactjs.native.example.Multiboard' '<DVTFilePath:0x7f9439d08ad0:'/Users/tavoArgento/Library/Developer/Xcode/Archives/2018-05-14/Multiboard 14-05-2018, 16.04.xcarchive/Products/Applications/Multiboard.app'>'>: {
    "application-identifier" = "LQRYUWUP72.org.reactjs.native.example.Multiboard";
    "beta-reports-active" = 1;
    "com.apple.developer.team-identifier" = LQRYUWUP72;
    "get-task-allow" = 0;
    "keychain-access-groups" =     (
        "LQRYUWUP72.org.reactjs.native.example.Multiboard"
    );
}
2018-05-14 15:10:46 +0000  Writing entitlements for <IDEDistributionItem: 0x7f9451319230 'org.reactjs.native.example.Multiboard' '<DVTFilePath:0x7f9439d08ad0:'/Users/tavoArgento/Library/Developer/Xcode/Archives/2018-05-14/Multiboard 14-05-2018, 16.04.xcarchive/Products/Applications/Multiboard.app'>'> to: /var/folders/0z/17xbrhs572zdm4yf6j8_7v3c0000gn/T/XcodeDistPipeline.kkh/entitlementsQnfKal
2018-05-14 15:10:46 +0000  Running /usr/bin/codesign '-vvv' '--force' '--sign' '44C5DDAC202D6F7173D4BC21248DB74F687B0F94' '--preserve-metadata=identifier,flags' '--entitlements' '/var/folders/0z/17xbrhs572zdm4yf6j8_7v3c0000gn/T/XcodeDistPipeline.kkh/entitlementsQnfKal' '/var/folders/0z/17xbrhs572zdm4yf6j8_7v3c0000gn/T/XcodeDistPipeline.kkh/Root/Payload/Multiboard.app'
2018-05-14 15:11:00 +0000  
2018-05-14 15:11:00 +0000  /usr/bin/codesign exited with 0
2018-05-14 15:11:00 +0000  Processing step: IDEDistributionStreamingZipItemStep
2018-05-14 15:11:00 +0000  2018-05-14 15:11:00 +0000  Skipping step: IDEDistributionStreamingZipItemStep because it said so

2018-05-14 15:11:00 +0000  Processing step: IDEDistributionCreateIPAStep
2018-05-14 15:11:00 +0000  Running /usr/bin/ditto '-V' '-c' '-k' '--norsrc' '/var/folders/0z/17xbrhs572zdm4yf6j8_7v3c0000gn/T/XcodeDistPipeline.kkh/Root' '/var/folders/0z/17xbrhs572zdm4yf6j8_7v3c0000gn/T/XcodeDistPipeline.kkh/Packages/Multiboard.ipa'
2018-05-14 15:11:00 +0000  >>> Copying /var/folders/0z/17xbrhs572zdm4yf6j8_7v3c0000gn/T/XcodeDistPipeline.kkh/Root 
2018-05-14 15:11:00 +0000  copying file ./BCSymbolMaps/C3659637-D205-3890-BBD4-7EB0FD0E6E9C.bcsymbolmap ... 
2018-05-14 15:11:00 +0000  945247 bytes for ./BCSymbolMaps/C3659637-D205-3890-BBD4-7EB0FD0E6E9C.bcsymbolmap
copying file ./BCSymbolMaps/DC6908A0-BF36-3326-B729-42A117DF2BC1.bcsymbolmap ... 
2018-05-14 15:11:00 +0000  952019 bytes for ./BCSymbolMaps/DC6908A0-BF36-3326-B729-42A117DF2BC1.bcsymbolmap
copying file ./Payload/Multiboard.app/_CodeSignature/CodeResources ... 
11907 bytes for ./Payload/Multiboard.app/_CodeSignature/CodeResources
2018-05-14 15:11:00 +0000  copying file ./Payload/Multiboard.app/Octicons.ttf ... 
2018-05-14 15:11:00 +0000  27520 bytes for ./Payload/Multiboard.app/Octicons.ttf
copying file ./Payload/Multiboard.app/Feather.ttf ... 
2018-05-14 15:11:00 +0000  55288 bytes for ./Payload/Multiboard.app/Feather.ttf
copying file ./Payload/Multiboard.app/Entypo.ttf ... 
2018-05-14 15:11:00 +0000  65584 bytes for ./Payload/Multiboard.app/Entypo.ttf
copying file ./Payload/Multiboard.app/MaterialCommunityIcons.ttf ... 
2018-05-14 15:11:00 +0000  322456 bytes for ./Payload/Multiboard.app/MaterialCommunityIcons.ttf
copying file ./Payload/Multiboard.app/Foundation.ttf ... 
2018-05-14 15:11:00 +0000  56976 bytes for ./Payload/Multiboard.app/Foundation.ttf
copying file ./Payload/Multiboard.app/Ionicons.ttf ... 
2018-05-14 15:11:00 +0000  143936 bytes for ./Payload/Multiboard.app/Ionicons.ttf
copying file ./Payload/Multiboard.app/Multiboard ... 
2018-05-14 15:11:02 +0000  30987904 bytes for ./Payload/Multiboard.app/Multiboard
copying file ./Payload/Multiboard.app/Base.lproj/LaunchScreen.nib ... 
3108 bytes for ./Payload/Multiboard.app/Base.lproj/LaunchScreen.nib
copying file ./Payload/Multiboard.app/FontAwesome.ttf ... 
2018-05-14 15:11:02 +0000  165548 bytes for ./Payload/Multiboard.app/FontAwesome.ttf
copying file ./Payload/Multiboard.app/Zocial.ttf ... 
2018-05-14 15:11:02 +0000  25552 bytes for ./Payload/Multiboard.app/Zocial.ttf
copying file ./Payload/Multiboard.app/main.jsbundle.meta ... 
21 bytes for ./Payload/Multiboard.app/main.jsbundle.meta
copying file ./Payload/Multiboard.app/EvilIcons.ttf ... 
2018-05-14 15:11:02 +0000  13128 bytes for ./Payload/Multiboard.app/EvilIcons.ttf
copying file ./Payload/Multiboard.app/main.jsbundle ... 
2018-05-14 15:11:02 +0000  1210840 bytes for ./Payload/Multiboard.app/main.jsbundle
copying file ./Payload/Multiboard.app/SimpleLineIcons.ttf ... 
2018-05-14 15:11:02 +0000  54056 bytes for ./Payload/Multiboard.app/SimpleLineIcons.ttf
copying file ./Payload/Multiboard.app/embedded.mobileprovision ... 
2018-05-14 15:11:02 +0000  7499 bytes for ./Payload/Multiboard.app/embedded.mobileprovision
2018-05-14 15:11:02 +0000  copying file ./Payload/Multiboard.app/assets/node_modules/react-native-checkbox/cb_enabled.png ... 
1301 bytes for ./Payload/Multiboard.app/assets/node_modules/react-native-checkbox/cb_enabled.png
copying file ./Payload/Multiboard.app/assets/node_modules/react-native-checkbox/cb_disabled.png ... 
1121 bytes for ./Payload/Multiboard.app/assets/node_modules/react-native-checkbox/cb_disabled.png
copying file ./Payload/Multiboard.app/assets/node_modules/react-navigation/src/views/assets/back-icon@3x.png ... 
1848 bytes for ./Payload/Multiboard.app/assets/node_modules/react-navigation/src/views/assets/back-icon@3x.png
copying file ./Payload/Multiboard.app/assets/node_modules/react-navigation/src/views/assets/back-icon@2x.png ... 
966 bytes for ./Payload/Multiboard.app/assets/node_modules/react-navigation/src/views/assets/back-icon@2x.png
copying file ./Payload/Multiboard.app/assets/node_modules/react-navigation/src/views/assets/back-icon.png ... 
491 bytes for ./Payload/Multiboard.app/assets/node_modules/react-navigation/src/views/assets/back-icon.png
copying file ./Payload/Multiboard.app/assets/node_modules/react-navigation/src/views/assets/back-icon-mask.png ... 
1887 bytes for ./Payload/Multiboard.app/assets/node_modules/react-navigation/src/views/assets/back-icon-mask.png
copying file ./Payload/Multiboard.app/assets/node_modules/react-native-elements/src/rating/images/bell.png ... 
2989 bytes for ./Payload/Multiboard.app/assets/node_modules/react-native-elements/src/rating/images/bell.png
copying file ./Payload/Multiboard.app/assets/node_modules/react-native-elements/src/rating/images/heart.png ... 
1928 bytes for ./Payload/Multiboard.app/assets/node_modules/react-native-elements/src/rating/images/heart.png
copying file ./Payload/Multiboard.app/assets/node_modules/react-native-elements/src/rating/images/rocket.png ... 
2018-05-14 15:11:02 +0000  4050 bytes for ./Payload/Multiboard.app/assets/node_modules/react-native-elements/src/rating/images/rocket.png
copying file ./Payload/Multiboard.app/assets/node_modules/react-native-elements/src/rating/images/star.png ... 
1961 bytes for ./Payload/Multiboard.app/assets/node_modules/react-native-elements/src/rating/images/star.png
copying file ./Payload/Multiboard.app/assets/src/assets/images/back_nice.png ... 
2018-05-14 15:11:02 +0000  350851 bytes for ./Payload/Multiboard.app/assets/src/assets/images/back_nice.png
copying file ./Payload/Multiboard.app/assets/src/assets/images/falling_dices_final.png ... 
2018-05-14 15:11:02 +0000  1646203 bytes for ./Payload/Multiboard.app/assets/src/assets/images/falling_dices_final.png
copying file ./Payload/Multiboard.app/assets/src/assets/images/cards_dices.png ... 
2018-05-14 15:11:02 +0000  179793 bytes for ./Payload/Multiboard.app/assets/src/assets/images/cards_dices.png
copying file ./Payload/Multiboard.app/assets/src/assets/images/dark_dice.png ... 
2018-05-14 15:11:02 +0000  159070 bytes for ./Payload/Multiboard.app/assets/src/assets/images/dark_dice.png
copying file ./Payload/Multiboard.app/Info.plist ... 
1416 bytes for ./Payload/Multiboard.app/Info.plist
copying file ./Payload/Multiboard.app/PkgInfo ... 
8 bytes for ./Payload/Multiboard.app/PkgInfo
copying file ./Payload/Multiboard.app/MaterialIcons.ttf ... 
2018-05-14 15:11:02 +0000  128180 bytes for ./Payload/Multiboard.app/MaterialIcons.ttf
2018-05-14 15:11:02 +0000  2018-05-14 15:11:02 +0000  /usr/bin/ditto exited with 0
2018-05-14 15:11:02 +0000  2018-05-14 15:11:02 +0000  Processing step: IDEDistributionCreateManifestStep

2018-05-14 15:11:02 +0000  Skipping step: IDEDistributionCreateManifestStep because it said so

